<?xml version="1.0" encoding="UTF-8"?>
<coverage generated="1654444212399" clover="3.2.0">
  <project timestamp="1654444212399" name="All files">
    <metrics statements="11" coveredstatements="11" conditionals="4" coveredconditionals="4" methods="4" coveredmethods="4" elements="19" coveredelements="19" complexity="0" loc="11" ncloc="11" packages="1" files="1" classes="1"/>
    <file name="shipMethods.js" path="F:\TOP\odin-javascript\TDD-Battleship-javascript\src\shipMethods.js">
      <metrics statements="11" coveredstatements="11" conditionals="4" coveredconditionals="4" methods="4" coveredmethods="4"/>
      <line num="4" count="11" type="stmt"/>
      <line num="5" count="17" type="stmt"/>
      <line num="7" count="17" type="stmt"/>
      <line num="8" count="36" type="cond" truecount="2" falsecount="0"/>
      <line num="11" count="17" type="cond" truecount="2" falsecount="0"/>
      <line num="12" count="8" type="stmt"/>
      <line num="15" count="3" type="stmt"/>
      <line num="19" count="1" type="stmt"/>
      <line num="26" count="1" type="stmt"/>
      <line num="27" count="1" type="stmt"/>
      <line num="28" count="1" type="stmt"/>
    </file>
  </project>
</coverage>
