{"F:\\TOP\\odin-javascript\\TDD-Battleship-javascript\\src\\playerMethods.js": {"path":"F:\\TOP\\odin-javascript\\TDD-Battleship-javascript\\src\\playerMethods.js","statementMap":{"0":{"start":{"line":1,"column":21},"end":{"line":1,"column":61}},"1":{"start":{"line":3,"column":15},"end":{"line":15,"column":1}},"2":{"start":{"line":4,"column":18},"end":{"line":4,"column":29}},"3":{"start":{"line":5,"column":23},"end":{"line":5,"column":25}},"4":{"start":{"line":6,"column":21},"end":{"line":6,"column":73}},"5":{"start":{"line":6,"column":27},"end":{"line":6,"column":73}},"6":{"start":{"line":6,"column":57},"end":{"line":6,"column":72}},"7":{"start":{"line":7,"column":22},"end":{"line":7,"column":55}},"8":{"start":{"line":7,"column":33},"end":{"line":7,"column":55}},"9":{"start":{"line":9,"column":25},"end":{"line":14,"column":5}},"10":{"start":{"line":10,"column":8},"end":{"line":10,"column":62}},"11":{"start":{"line":10,"column":49},"end":{"line":10,"column":62}},"12":{"start":{"line":11,"column":8},"end":{"line":11,"column":35}},"13":{"start":{"line":12,"column":8},"end":{"line":12,"column":25}},"14":{"start":{"line":13,"column":8},"end":{"line":13,"column":20}},"15":{"start":{"line":18,"column":14},"end":{"line":18,"column":23}},"16":{"start":{"line":19,"column":14},"end":{"line":19,"column":23}},"17":{"start":{"line":21,"column":23},"end":{"line":21,"column":52}},"18":{"start":{"line":23,"column":4},"end":{"line":27,"column":5}},"19":{"start":{"line":24,"column":8},"end":{"line":24,"column":26}},"20":{"start":{"line":26,"column":8},"end":{"line":26,"column":21}},"21":{"start":{"line":31,"column":18},"end":{"line":33,"column":6}},"22":{"start":{"line":32,"column":8},"end":{"line":32,"column":47}},"23":{"start":{"line":34,"column":4},"end":{"line":34,"column":39}},"24":{"start":{"line":38,"column":4},"end":{"line":39,"column":49}},"25":{"start":{"line":39,"column":8},"end":{"line":39,"column":49}},"26":{"start":{"line":41,"column":30},"end":{"line":41,"column":32}},"27":{"start":{"line":44,"column":4},"end":{"line":54,"column":5}},"28":{"start":{"line":44,"column":17},"end":{"line":44,"column":18}},"29":{"start":{"line":45,"column":8},"end":{"line":45,"column":54}},"30":{"start":{"line":46,"column":8},"end":{"line":46,"column":33}},"31":{"start":{"line":47,"column":8},"end":{"line":47,"column":33}},"32":{"start":{"line":49,"column":8},"end":{"line":53,"column":33}},"33":{"start":{"line":58,"column":14},"end":{"line":58,"column":43}},"34":{"start":{"line":59,"column":14},"end":{"line":59,"column":43}},"35":{"start":{"line":60,"column":4},"end":{"line":60,"column":18}},"36":{"start":{"line":64,"column":4},"end":{"line":66,"column":19}},"37":{"start":{"line":73,"column":0},"end":{"line":78,"column":2}}},"fnMap":{"0":{"name":"(anonymous_0)","decl":{"start":{"line":3,"column":15},"end":{"line":3,"column":16}},"loc":{"start":{"line":3,"column":32},"end":{"line":15,"column":1}},"line":3},"1":{"name":"(anonymous_1)","decl":{"start":{"line":6,"column":21},"end":{"line":6,"column":22}},"loc":{"start":{"line":6,"column":27},"end":{"line":6,"column":73}},"line":6},"2":{"name":"(anonymous_2)","decl":{"start":{"line":6,"column":46},"end":{"line":6,"column":47}},"loc":{"start":{"line":6,"column":57},"end":{"line":6,"column":72}},"line":6},"3":{"name":"(anonymous_3)","decl":{"start":{"line":7,"column":22},"end":{"line":7,"column":23}},"loc":{"start":{"line":7,"column":33},"end":{"line":7,"column":55}},"line":7},"4":{"name":"(anonymous_4)","decl":{"start":{"line":9,"column":25},"end":{"line":9,"column":26}},"loc":{"start":{"line":9,"column":43},"end":{"line":14,"column":5}},"line":9},"5":{"name":"validLocation","decl":{"start":{"line":17,"column":9},"end":{"line":17,"column":22}},"loc":{"start":{"line":17,"column":40},"end":{"line":28,"column":1}},"line":17},"6":{"name":"validLocations","decl":{"start":{"line":30,"column":9},"end":{"line":30,"column":23}},"loc":{"start":{"line":30,"column":44},"end":{"line":35,"column":1}},"line":30},"7":{"name":"(anonymous_7)","decl":{"start":{"line":31,"column":32},"end":{"line":31,"column":33}},"loc":{"start":{"line":31,"column":52},"end":{"line":33,"column":5}},"line":31},"8":{"name":"placeShip","decl":{"start":{"line":37,"column":9},"end":{"line":37,"column":18}},"loc":{"start":{"line":37,"column":58},"end":{"line":55,"column":1}},"line":37},"9":{"name":"getRandCoords","decl":{"start":{"line":57,"column":9},"end":{"line":57,"column":22}},"loc":{"start":{"line":57,"column":26},"end":{"line":61,"column":1}},"line":57},"10":{"name":"getRandDir","decl":{"start":{"line":63,"column":9},"end":{"line":63,"column":19}},"loc":{"start":{"line":63,"column":23},"end":{"line":67,"column":1}},"line":63}},"branchMap":{"0":{"loc":{"start":{"line":3,"column":16},"end":{"line":3,"column":27}},"type":"default-arg","locations":[{"start":{"line":3,"column":22},"end":{"line":3,"column":27}}],"line":3},"1":{"loc":{"start":{"line":10,"column":8},"end":{"line":10,"column":62}},"type":"if","locations":[{"start":{"line":10,"column":8},"end":{"line":10,"column":62}},{"start":{},"end":{}}],"line":10},"2":{"loc":{"start":{"line":23,"column":4},"end":{"line":27,"column":5}},"type":"if","locations":[{"start":{"line":23,"column":4},"end":{"line":27,"column":5}},{"start":{"line":25,"column":11},"end":{"line":27,"column":5}}],"line":23},"3":{"loc":{"start":{"line":23,"column":8},"end":{"line":23,"column":48}},"type":"binary-expr","locations":[{"start":{"line":23,"column":9},"end":{"line":23,"column":15}},{"start":{"line":23,"column":19},"end":{"line":23,"column":25}},{"start":{"line":23,"column":31},"end":{"line":23,"column":37}},{"start":{"line":23,"column":41},"end":{"line":23,"column":47}}],"line":23},"4":{"loc":{"start":{"line":38,"column":4},"end":{"line":39,"column":49}},"type":"if","locations":[{"start":{"line":38,"column":4},"end":{"line":39,"column":49}},{"start":{},"end":{}}],"line":38},"5":{"loc":{"start":{"line":45,"column":23},"end":{"line":45,"column":53}},"type":"binary-expr","locations":[{"start":{"line":45,"column":23},"end":{"line":45,"column":47}},{"start":{"line":45,"column":51},"end":{"line":45,"column":53}}],"line":45},"6":{"loc":{"start":{"line":49,"column":31},"end":{"line":53,"column":32}},"type":"cond-expr","locations":[{"start":{"line":50,"column":12},"end":{"line":50,"column":23}},{"start":{"line":51,"column":12},"end":{"line":53,"column":32}}],"line":49},"7":{"loc":{"start":{"line":51,"column":12},"end":{"line":53,"column":32}},"type":"cond-expr","locations":[{"start":{"line":52,"column":14},"end":{"line":52,"column":32}},{"start":{"line":53,"column":14},"end":{"line":53,"column":32}}],"line":51},"8":{"loc":{"start":{"line":64,"column":11},"end":{"line":66,"column":18}},"type":"cond-expr","locations":[{"start":{"line":65,"column":8},"end":{"line":65,"column":20}},{"start":{"line":66,"column":8},"end":{"line":66,"column":18}}],"line":64}},"s":{"0":1,"1":1,"2":0,"3":0,"4":0,"5":0,"6":0,"7":0,"8":0,"9":0,"10":0,"11":0,"12":0,"13":0,"14":0,"15":16,"16":16,"17":16,"18":16,"19":13,"20":3,"21":3,"22":12,"23":3,"24":3,"25":2,"26":1,"27":1,"28":1,"29":1,"30":1,"31":1,"32":1,"33":0,"34":0,"35":0,"36":0,"37":1},"f":{"0":0,"1":0,"2":0,"3":0,"4":0,"5":16,"6":3,"7":12,"8":3,"9":0,"10":0},"b":{"0":[0],"1":[0,0],"2":[13,3],"3":[16,14,13,13],"4":[2,1],"5":[1,1],"6":[1,0],"7":[0,0],"8":[0,0]},"_coverageSchema":"1a1c01bbd47fc00a2c39e90264f33305004495a9","hash":"9ac9e12fd8c5a2534049fc3c390576f71fc18d87"}
,"F:\\TOP\\odin-javascript\\TDD-Battleship-javascript\\src\\shipMethods.js": {"path":"F:\\TOP\\odin-javascript\\TDD-Battleship-javascript\\src\\shipMethods.js","statementMap":{"0":{"start":{"line":1,"column":20},"end":{"line":29,"column":1}},"1":{"start":{"line":2,"column":20},"end":{"line":2,"column":22}},"2":{"start":{"line":3,"column":17},"end":{"line":3,"column":26}},"3":{"start":{"line":5,"column":17},"end":{"line":14,"column":3}},"4":{"start":{"line":6,"column":4},"end":{"line":6,"column":56}},"5":{"start":{"line":6,"column":43},"end":{"line":6,"column":56}},"6":{"start":{"line":8,"column":17},"end":{"line":11,"column":5}},"7":{"start":{"line":9,"column":22},"end":{"line":9,"column":32}},"8":{"start":{"line":10,"column":25},"end":{"line":10,"column":35}},"9":{"start":{"line":13,"column":4},"end":{"line":13,"column":48}},"10":{"start":{"line":13,"column":30},"end":{"line":13,"column":46}},"11":{"start":{"line":16,"column":20},"end":{"line":19,"column":3}},"12":{"start":{"line":17,"column":4},"end":{"line":17,"column":45}},"13":{"start":{"line":17,"column":32},"end":{"line":17,"column":45}},"14":{"start":{"line":18,"column":4},"end":{"line":18,"column":30}},"15":{"start":{"line":21,"column":2},"end":{"line":28,"column":4}},"16":{"start":{"line":25,"column":18},"end":{"line":25,"column":31}},"17":{"start":{"line":26,"column":23},"end":{"line":26,"column":47}},"18":{"start":{"line":27,"column":21},"end":{"line":27,"column":30}},"19":{"start":{"line":34,"column":2},"end":{"line":44,"column":3}},"20":{"start":{"line":34,"column":15},"end":{"line":34,"column":16}},"21":{"start":{"line":35,"column":2},"end":{"line":35,"column":25}},"22":{"start":{"line":37,"column":2},"end":{"line":39,"column":8}},"23":{"start":{"line":38,"column":4},"end":{"line":38,"column":76}},"24":{"start":{"line":41,"column":2},"end":{"line":43,"column":4}},"25":{"start":{"line":42,"column":4},"end":{"line":42,"column":16}},"26":{"start":{"line":45,"column":2},"end":{"line":45,"column":15}},"27":{"start":{"line":49,"column":2},"end":{"line":49,"column":27}},"28":{"start":{"line":53,"column":13},"end":{"line":53,"column":41}},"29":{"start":{"line":55,"column":2},"end":{"line":57,"column":3}},"30":{"start":{"line":56,"column":3},"end":{"line":56,"column":28}},"31":{"start":{"line":60,"column":0},"end":{"line":60,"column":43}},"32":{"start":{"line":61,"column":0},"end":{"line":61,"column":39}},"33":{"start":{"line":62,"column":0},"end":{"line":62,"column":27}},"34":{"start":{"line":63,"column":0},"end":{"line":63,"column":41}}},"fnMap":{"0":{"name":"(anonymous_0)","decl":{"start":{"line":1,"column":20},"end":{"line":1,"column":21}},"loc":{"start":{"line":1,"column":35},"end":{"line":29,"column":1}},"line":1},"1":{"name":"(anonymous_1)","decl":{"start":{"line":5,"column":17},"end":{"line":5,"column":18}},"loc":{"start":{"line":5,"column":23},"end":{"line":14,"column":3}},"line":5},"2":{"name":"(anonymous_2)","decl":{"start":{"line":9,"column":15},"end":{"line":9,"column":16}},"loc":{"start":{"line":9,"column":22},"end":{"line":9,"column":32}},"line":9},"3":{"name":"(anonymous_3)","decl":{"start":{"line":10,"column":18},"end":{"line":10,"column":19}},"loc":{"start":{"line":10,"column":25},"end":{"line":10,"column":35}},"line":10},"4":{"name":"(anonymous_4)","decl":{"start":{"line":13,"column":19},"end":{"line":13,"column":20}},"loc":{"start":{"line":13,"column":30},"end":{"line":13,"column":46}},"line":13},"5":{"name":"(anonymous_5)","decl":{"start":{"line":16,"column":20},"end":{"line":16,"column":21}},"loc":{"start":{"line":16,"column":35},"end":{"line":19,"column":3}},"line":16},"6":{"name":"(anonymous_6)","decl":{"start":{"line":25,"column":12},"end":{"line":25,"column":13}},"loc":{"start":{"line":25,"column":18},"end":{"line":25,"column":31}},"line":25},"7":{"name":"(anonymous_7)","decl":{"start":{"line":26,"column":9},"end":{"line":26,"column":10}},"loc":{"start":{"line":26,"column":23},"end":{"line":26,"column":47}},"line":26},"8":{"name":"(anonymous_8)","decl":{"start":{"line":27,"column":15},"end":{"line":27,"column":16}},"loc":{"start":{"line":27,"column":21},"end":{"line":27,"column":30}},"line":27},"9":{"name":"checkForShip","decl":{"start":{"line":31,"column":9},"end":{"line":31,"column":21}},"loc":{"start":{"line":31,"column":39},"end":{"line":46,"column":1}},"line":31},"10":{"name":"(anonymous_10)","decl":{"start":{"line":37,"column":38},"end":{"line":37,"column":39}},"loc":{"start":{"line":37,"column":60},"end":{"line":39,"column":3}},"line":37},"11":{"name":"damageShip","decl":{"start":{"line":48,"column":9},"end":{"line":48,"column":19}},"loc":{"start":{"line":48,"column":35},"end":{"line":50,"column":1}},"line":48},"12":{"name":"fire","decl":{"start":{"line":52,"column":9},"end":{"line":52,"column":13}},"loc":{"start":{"line":52,"column":31},"end":{"line":58,"column":1}},"line":52}},"branchMap":{"0":{"loc":{"start":{"line":6,"column":4},"end":{"line":6,"column":56}},"type":"if","locations":[{"start":{"line":6,"column":4},"end":{"line":6,"column":56}},{"start":{},"end":{}}],"line":6},"1":{"loc":{"start":{"line":38,"column":11},"end":{"line":38,"column":75}},"type":"binary-expr","locations":[{"start":{"line":38,"column":12},"end":{"line":38,"column":40}},{"start":{"line":38,"column":46},"end":{"line":38,"column":74}}],"line":38},"2":{"loc":{"start":{"line":41,"column":2},"end":{"line":43,"column":4}},"type":"if","locations":[{"start":{"line":41,"column":2},"end":{"line":43,"column":4}},{"start":{},"end":{}}],"line":41},"3":{"loc":{"start":{"line":55,"column":2},"end":{"line":57,"column":3}},"type":"if","locations":[{"start":{"line":55,"column":2},"end":{"line":57,"column":3}},{"start":{},"end":{}}],"line":55}},"s":{"0":1,"1":0,"2":0,"3":0,"4":0,"5":0,"6":0,"7":0,"8":0,"9":0,"10":0,"11":0,"12":0,"13":0,"14":0,"15":0,"16":0,"17":0,"18":0,"19":16,"20":16,"21":16,"22":16,"23":16,"24":16,"25":2,"26":14,"27":0,"28":0,"29":0,"30":0,"31":1,"32":1,"33":1,"34":1},"f":{"0":0,"1":0,"2":0,"3":0,"4":0,"5":0,"6":0,"7":0,"8":0,"9":16,"10":16,"11":0,"12":0},"b":{"0":[0,0],"1":[16,2],"2":[2,14],"3":[0,0]},"_coverageSchema":"1a1c01bbd47fc00a2c39e90264f33305004495a9","hash":"c74f08e5acc7cb8391f35c6f9805b2deb8723cf0"}
}
