{"F:\\TOP\\odin-javascript\\TDD-Battleship-javascript\\src\\shipMethods.js": {"path":"F:\\TOP\\odin-javascript\\TDD-Battleship-javascript\\src\\shipMethods.js","statementMap":{"0":{"start":{"line":4,"column":2},"end":{"line":14,"column":3}},"1":{"start":{"line":4,"column":15},"end":{"line":4,"column":16}},"2":{"start":{"line":5,"column":2},"end":{"line":5,"column":25}},"3":{"start":{"line":7,"column":2},"end":{"line":9,"column":8}},"4":{"start":{"line":8,"column":4},"end":{"line":8,"column":76}},"5":{"start":{"line":11,"column":2},"end":{"line":13,"column":4}},"6":{"start":{"line":12,"column":4},"end":{"line":12,"column":16}},"7":{"start":{"line":15,"column":2},"end":{"line":15,"column":15}},"8":{"start":{"line":19,"column":2},"end":{"line":19,"column":27}},"9":{"start":{"line":23,"column":13},"end":{"line":23,"column":41}},"10":{"start":{"line":25,"column":2},"end":{"line":27,"column":3}},"11":{"start":{"line":26,"column":3},"end":{"line":26,"column":28}},"12":{"start":{"line":30,"column":0},"end":{"line":30,"column":43}},"13":{"start":{"line":31,"column":0},"end":{"line":31,"column":39}},"14":{"start":{"line":32,"column":0},"end":{"line":32,"column":27}}},"fnMap":{"0":{"name":"checkForShip","decl":{"start":{"line":1,"column":9},"end":{"line":1,"column":21}},"loc":{"start":{"line":1,"column":39},"end":{"line":16,"column":1}},"line":1},"1":{"name":"(anonymous_1)","decl":{"start":{"line":7,"column":38},"end":{"line":7,"column":39}},"loc":{"start":{"line":7,"column":60},"end":{"line":9,"column":3}},"line":7},"2":{"name":"damageShip","decl":{"start":{"line":18,"column":9},"end":{"line":18,"column":19}},"loc":{"start":{"line":18,"column":35},"end":{"line":20,"column":1}},"line":18},"3":{"name":"fire","decl":{"start":{"line":22,"column":9},"end":{"line":22,"column":13}},"loc":{"start":{"line":22,"column":31},"end":{"line":28,"column":1}},"line":22}},"branchMap":{"0":{"loc":{"start":{"line":8,"column":11},"end":{"line":8,"column":75}},"type":"binary-expr","locations":[{"start":{"line":8,"column":12},"end":{"line":8,"column":40}},{"start":{"line":8,"column":46},"end":{"line":8,"column":74}}],"line":8},"1":{"loc":{"start":{"line":11,"column":2},"end":{"line":13,"column":4}},"type":"if","locations":[{"start":{"line":11,"column":2},"end":{"line":13,"column":4}},{"start":{},"end":{}}],"line":11},"2":{"loc":{"start":{"line":25,"column":2},"end":{"line":27,"column":3}},"type":"if","locations":[{"start":{"line":25,"column":2},"end":{"line":27,"column":3}},{"start":{},"end":{}}],"line":25}},"s":{"0":13,"1":13,"2":23,"3":23,"4":52,"5":23,"6":9,"7":4,"8":2,"9":2,"10":2,"11":1,"12":1,"13":1,"14":1},"f":{"0":13,"1":52,"2":2,"3":2},"b":{"0":[52,19],"1":[9,14],"2":[1,1]},"_coverageSchema":"1a1c01bbd47fc00a2c39e90264f33305004495a9","hash":"f37256932c20c7495b15e2c81a79fb0b6bf56b6f"}
}
