TN:
SF:gameInstance.js
FN:3,checkGameState
FN:7,takeTurn
FNF:2
FNH:2
FNDA:1,checkGameState
FNDA:1,takeTurn
DA:1,1
DA:4,1
DA:8,1
DA:9,1
DA:10,1
DA:12,1
DA:15,1
DA:16,1
LF:8
LH:8
BRF:0
BRH:0
end_of_record
TN:
SF:shipMethods.js
FN:1,checkForShip
FN:7,(anonymous_1)
FN:18,damageShip
FN:22,fire
FNF:4
FNH:4
FNDA:14,checkForShip
FNDA:53,(anonymous_1)
FNDA:3,damageShip
FNDA:3,fire
DA:4,14
DA:5,24
DA:7,24
DA:8,53
DA:11,24
DA:12,10
DA:15,4
DA:19,3
DA:23,3
DA:25,3
DA:26,2
DA:30,2
DA:31,2
DA:32,2
LF:14
LH:14
BRDA:8,0,0,53
BRDA:8,0,1,20
BRDA:11,1,0,10
BRDA:11,1,1,14
BRDA:25,2,0,2
BRDA:25,2,1,1
BRF:6
BRH:6
end_of_record
