TN:
SF:src\gameInstance.js
FN:3,(anonymous_0)
FN:8,build
FN:17,checkGameState
FN:21,takeTurn
FNF:4
FNH:2
FNDA:0,(anonymous_0)
FNDA:0,build
FNDA:1,checkGameState
FNDA:1,takeTurn
DA:1,1
DA:3,1
DA:4,0
DA:5,0
DA:6,0
DA:9,0
DA:10,0
DA:11,0
DA:13,0
DA:18,1
DA:22,1
DA:23,1
DA:24,1
DA:26,1
DA:29,1
DA:30,1
DA:31,1
LF:17
LH:10
BRF:0
BRH:0
end_of_recTN:
SF:playerMethods.js
FN:3,(anonymous_0)
FN:6,(anonymous_1)
FN:6,(anonymous_2)
FN:7,(anonymous_3)
FN:9,(anonymous_4)
FN:17,validLocation
FN:30,validLocations
FN:31,(anonymous_7)
FN:37,placeShip
FN:57,getRandCoords
FN:63,getRandDir
FNF:11
FNH:4
FNDA:0,(anonymous_0)
FNDA:0,(anonymous_1)
FNDA:0,(anonymous_2)
FNDA:0,(anonymous_3)
FNDA:0,(anonymous_4)
FNDA:16,validLocation
FNDA:3,validLocations
FNDA:12,(anonymous_7)
FNDA:3,placeShip
FNDA:0,getRandCoords
FNDA:0,getRandDir
DA:1,1
DA:3,1
DA:4,0
DA:5,0
DA:6,0
DA:7,0
DA:9,0
DA:10,0
DA:11,0
DA:12,0
DA:13,0
DA:18,16
DA:19,16
DA:21,16
DA:23,16
DA:24,13
DA:26,3
DA:31,3
DA:32,12
DA:34,3
DA:38,3
DA:39,2
DA:41,1
DA:44,1
DA:45,1
DA:46,1
DA:47,1
DA:49,1
DA:58,0
DA:59,0
DA:60,0
DA:64,0
DA:73,1
LF:33
LH:20
BRDA:3,0,0,0
BRDA:10,1,0,0
BRDA:10,1,1,0
BRDA:23,2,0,13
BRDA:23,2,1,3
BRDA:23,3,0,16
BRDA:23,3,1,14
BRDA:23,3,2,13
BRDA:23,3,3,13
BRDA:38,4,0,2
BRDA:38,4,1,1
BRDA:45,5,0,1
BRDA:45,5,1,1
BRDA:49,6,0,1
BRDA:49,6,1,0
BRDA:51,7,0,0
BRDA:51,7,1,0
BRDA:64,8,0,0
BRDA:64,8,1,0
BRF:19
BRH:11
end_of_record
TN:
SF:shipMethods.js
FN:1,(anonymous_0)
FN:5,(anonymous_1)
FN:9,(anonymous_2)
FN:10,(anonymous_3)
FN:13,(anonymous_4)
FN:16,(anonymous_5)
FN:25,(anonymous_6)
FN:26,(anonymous_7)
FN:27,(anonymous_8)
FN:31,checkForShip
FN:37,(anonymous_10)
FN:48,damageShip
FN:52,fire
FNF:13
FNH:5
FNDA:1,(anonymous_0)
FNDA:0,(anonymous_1)
FNDA:0,(anonymous_2)
FNDA:0,(anonymous_3)
FNDA:0,(anonymous_4)
FNDA:0,(anonymous_5)
FNDA:0,(anonymous_6)
FNDA:0,(anonymous_7)
FNDA:0,(anonymous_8)
FNDA:30,checkForShip
FNDA:69,(anonymous_10)
FNDA:3,damageShip
FNDA:3,fire
DA:1,3
DA:2,1
DA:3,1
DA:5,1
DA:6,0
DA:8,0
DA:9,0
DA:10,0
DA:13,0
DA:16,1
DA:17,0
DA:18,0
DA:21,1
DA:25,0
DA:26,0
DA:27,0
DA:34,30
DA:35,40
DA:37,40
DA:38,69
DA:41,40
DA:42,12
DA:45,18
DA:49,3
DA:53,3
DA:55,3
DA:56,2
DA:60,3
DA:61,3
DA:62,3
DA:63,3
LF:31
LH:21
BRDA:6,0,0,0
BRDA:6,0,1,0
BRDA:38,1,0,69
BRDA:38,1,1,22
BRDA:41,2,0,12
BRDA:41,2,1,28
BRDA:55,3,0,2
BRDA:55,3,1,1
BRF:8
BRH:6
end_of_record
d_of_record
